<?xml version="1.0" encoding="UTF-8"?>
<!-- Generated by org.testng.reporters.JUnitXMLReporter -->
<testsuite ignored="0" hostname="DESKTOP-4RF4A9B" failures="0" tests="4" name="Surefire test" time="0.214" errors="0" timestamp="2021-07-01T22:12:06 IST">
  <testcase classname="com.Selenium.AppiumTest" name="IOSApps" time="0.012"/>
  <testcase classname="com.Selenium.AppiumTest" name="NativeAndroid" time="0.001"/>
  <testcase classname="com.Selenium.RestApiTest" name="DeleteTwitter" time="0.001"/>
  <testcase classname="com.Selenium.RestApiTest" name="PostJIRA" time="0.001"/>
</testsuite> <!-- Surefire test -->
