<?xml version="1.0" encoding="UTF-8"?>
<!-- Generated by org.testng.reporters.JUnitXMLReporter -->
<testsuite hostname="LAPTOP-SJEPL1S8" ignored="0" name="Command line test" tests="6" failures="0" timestamp="2021-07-18T21:03:25 IST" time="0.031" errors="0">
  <testcase name="IOSApps" time="0.003" classname="com.Selenium.AppiumTest"/>
  <testcase name="NativeAndroid" time="0.0" classname="com.Selenium.AppiumTest"/>
  <testcase name="DeleteTwitter" time="0.001" classname="com.Selenium.RestApiTest"/>
  <testcase name="PostJIRA" time="0.0" classname="com.Selenium.RestApiTest"/>
  <testcase name="BrowserAutomation" time="0.0" classname="com.Selenium.SeleniumTest"/>
  <testcase name="ElementsUI" time="0.001" classname="com.Selenium.SeleniumTest"/>
</testsuite> <!-- Command line test -->
