<?xml version="1.0" encoding="UTF-8"?>
<!-- Generated by org.testng.reporters.JUnitXMLReporter -->
<testsuite ignored="1" hostname="DESKTOP-4RF4A9B" failures="0" tests="5" name="Test" time="0.171" errors="0" timestamp="2021-07-01T23:55:27 IST">
  <testcase classname="com.Selenium.AppiumTest" name="IOSApps" time="0.011"/>
  <testcase classname="com.Selenium.AppiumTest" name="NativeAndroid" time="0.001"/>
  <testcase classname="com.Selenium.SeleniumTest" name="BrowserAutomation" time="0.001"/>
  <testcase classname="com.Selenium.SeleniumTest" name="ElementsUI" time="0.003"/>
  <testcase classname="com.Selenium.RestApiTest" name="DeleteTwitter" time="0.001"/>
  <testcase classname="com.Selenium.RestApiTest" name="PostJIRA" time="0.0">
    <ignored/>
  </testcase> <!-- PostJIRA -->
</testsuite> <!-- Test -->
