<?xml version="1.0" encoding="UTF-8"?>
<testng-results skipped="0" failed="0" ignored="0" total="4" passed="4">
  <reporter-output>
  </reporter-output>
  <suite name="Suite" duration-ms="31" started-at="2021-07-18T23:11:26 IST" finished-at="2021-07-18T23:11:26 IST">
    <groups>
    </groups>
    <test name="Test" duration-ms="31" started-at="2021-07-18T23:11:26 IST" finished-at="2021-07-18T23:11:26 IST">
      <class name="com.Selenium.SeleniumTest">
        <test-method status="PASS" signature="BrowserAutomation()[pri:0, instance:com.Selenium.SeleniumTest@3cef309d]" name="BrowserAutomation" duration-ms="3" started-at="2021-07-18T23:11:26 IST" finished-at="2021-07-18T23:11:26 IST">
          <reporter-output>
          </reporter-output>
        </test-method> <!-- BrowserAutomation -->
        <test-method status="PASS" signature="ElementsUI()[pri:0, instance:com.Selenium.SeleniumTest@3cef309d]" name="ElementsUI" duration-ms="1" started-at="2021-07-18T23:11:26 IST" finished-at="2021-07-18T23:11:26 IST">
          <reporter-output>
          </reporter-output>
        </test-method> <!-- ElementsUI -->
      </class> <!-- com.Selenium.SeleniumTest -->
      <class name="com.Selenium.RestApiTest">
        <test-method status="PASS" signature="DeleteTwitter()[pri:0, instance:com.Selenium.RestApiTest@1efed156]" name="DeleteTwitter" duration-ms="1" started-at="2021-07-18T23:11:26 IST" finished-at="2021-07-18T23:11:26 IST">
          <reporter-output>
          </reporter-output>
        </test-method> <!-- DeleteTwitter -->
        <test-method status="PASS" signature="PostJIRA()[pri:0, instance:com.Selenium.RestApiTest@1efed156]" name="PostJIRA" duration-ms="0" started-at="2021-07-18T23:11:26 IST" finished-at="2021-07-18T23:11:26 IST">
          <reporter-output>
          </reporter-output>
        </test-method> <!-- PostJIRA -->
      </class> <!-- com.Selenium.RestApiTest -->
    </test> <!-- Test -->
  </suite> <!-- Suite -->
</testng-results>
